2018/09/10 11:53:13 にビルドを開始しました。
     1>ノード 2 上のプロジェクト "C:\Users\Robot\Documents\Visual Studio 2013\Projects\Localization.ver2\Localization4\Localization4.vcxproj" (Build ターゲット)。
     1>ClCompile:
         C:\Program Files (x86)\Microsoft Visual Studio 12.0\VC\bin\CL.exe /c /I"C:\Users\Robot\Documents\Visual Studio 2013\Projects\Localization.ver2\packages\OpenCV.2.4.11\build\native\../../build/native/include/" /I"C:\Users\Robot\Documents\Visual Studio 2013\Projects\Localization.ver2\\" /Zi /nologo /W3 /WX- /sdl /O2 /Oi /Oy- /GL /D HAS_OPENCV /D WIN32 /D NDEBUG /D _CONSOLE /D _LIB /D _UNICODE /D UNICODE /Gm- /EHsc /MD /GS /Gy /fp:precise /Zc:wchar_t /Zc:forScope /Yu"stdafx.h" /Fp"Release\Localization4.pch" /Fo"Release\\" /Fd"Release\vc120.pdb" /Gd /TP /analyze- /errorReport:prompt Localization4.cpp
         Localization4.cpp
     1>C:\Program Files (x86)\Microsoft Visual Studio 12.0\VC\include\math.h(1298): warning C4005: 'M_PI' : マクロが再定義されました。
                 c:\users\robot\documents\visual studio 2013\projects\localization.ver2\include\GoogleEarth.hpp(7) : 'M_PI' の前の定義を確認してください
     1>c:\users\robot\documents\visual studio 2013\projects\localization.ver2\include\svd.h(155): warning C4244: '=' : 'double' から 'int' への変換です。データが失われる可能性があります。
     1>C:\Users\Robot\Documents\Visual Studio 2013\Projects\Localization.ver2\include\myfun.h(483): warning C4018: '<' : signed と unsigned の数値を比較しようとしました。
     1>c:\users\robot\documents\visual studio 2013\projects\localization.ver2\include\leica.h(14): warning C4005: 'M_PI' : マクロが再定義されました。
                 C:\Program Files (x86)\Microsoft Visual Studio 12.0\VC\include\math.h(1298) : 'M_PI' の前の定義を確認してください
     1>C:\Users\Robot\Documents\Visual Studio 2013\Projects\Localization.ver2\include/Lidar2d.h(177): warning C4018: '<' : signed と unsigned の数値を比較しようとしました。
     1>C:\Users\Robot\Documents\Visual Studio 2013\Projects\Localization.ver2\include/OmniCamera.h(238): warning C4018: '<' : signed と unsigned の数値を比較しようとしました。
     1>C:\Users\Robot\Documents\Visual Studio 2013\Projects\Localization.ver2\include/OmniCamera.h(248): warning C4018: '<' : signed と unsigned の数値を比較しようとしました。
     1>C:\Users\Robot\Documents\Visual Studio 2013\Projects\Localization.ver2\include/OmniCamera.h(269): warning C4018: '>=' : signed と unsigned の数値を比較しようとしました。
     1>C:\Users\Robot\Documents\Visual Studio 2013\Projects\Localization.ver2\include/OmniCamera.h(298): warning C4018: '>=' : signed と unsigned の数値を比較しようとしました。
     1>C:\Users\Robot\Documents\Visual Studio 2013\Projects\Localization.ver2\include/OmniCamera.h(412): warning C4244: '引数' : 'double' から 'int' への変換です。データが失われる可能性があります。
     1>C:\Users\Robot\Documents\Visual Studio 2013\Projects\Localization.ver2\include/OmniCamera.h(421): warning C4244: '引数' : 'double' から 'int' への変換です。データが失われる可能性があります。
     1>C:\Users\Robot\Documents\Visual Studio 2013\Projects\Localization.ver2\include/OmniCamera.h(440): warning C4244: '引数' : 'double' から 'int' への変換です。データが失われる可能性があります。
     1>C:\Users\Robot\Documents\Visual Studio 2013\Projects\Localization.ver2\include/OmniCamera.h(450): warning C4244: '引数' : 'double' から 'int' への変換です。データが失われる可能性があります。
     1>C:\Users\Robot\Documents\Visual Studio 2013\Projects\Localization.ver2\include/OmniCamera.h(1281): warning C4244: '引数' : 'double' から 'int' への変換です。データが失われる可能性があります。
     1>C:\Users\Robot\Documents\Visual Studio 2013\Projects\Localization.ver2\include/OmniCamera.h(1293): warning C4244: '引数' : 'double' から 'int' への変換です。データが失われる可能性があります。
     1>C:\Users\Robot\Documents\Visual Studio 2013\Projects\Localization.ver2\include/LocalizationPF.h(424): warning C4018: '<' : signed と unsigned の数値を比較しようとしました。
     1>C:\Users\Robot\Documents\Visual Studio 2013\Projects\Localization.ver2\include/LocalizationPF.h(426): warning C4018: '<' : signed と unsigned の数値を比較しようとしました。
     1>C:\Users\Robot\Documents\Visual Studio 2013\Projects\Localization.ver2\include/LocalizationPF.h(429): warning C4018: '>=' : signed と unsigned の数値を比較しようとしました。
     1>C:\Users\Robot\Documents\Visual Studio 2013\Projects\Localization.ver2\include/LocalizationPF.h(433): warning C4018: '>=' : signed と unsigned の数値を比較しようとしました。
     1>C:\Users\Robot\Documents\Visual Studio 2013\Projects\Localization.ver2\include/LocalizationPF.h(479): warning C4018: '<' : signed と unsigned の数値を比較しようとしました。
     1>C:\Users\Robot\Documents\Visual Studio 2013\Projects\Localization.ver2\include/LocalizationPF.h(503): warning C4244: '初期化中' : 'float' から 'int' への変換です。データが失われる可能性があります。
     1>C:\Users\Robot\Documents\Visual Studio 2013\Projects\Localization.ver2\include/LocalizationPF.h(1384): warning C4018: '<' : signed と unsigned の数値を比較しようとしました。
     1>C:\Users\Robot\Documents\Visual Studio 2013\Projects\Localization.ver2\include/LocalizationPF.h(1513): warning C4244: '=' : 'double' から 'int' への変換です。データが失われる可能性があります。
     1>C:\Users\Robot\Documents\Visual Studio 2013\Projects\Localization.ver2\include/LocalizationPF.h(1632): warning C4018: '<' : signed と unsigned の数値を比較しようとしました。
     1>C:\Users\Robot\Documents\Visual Studio 2013\Projects\Localization.ver2\include/LocalizationPF.h(1708): warning C4244: '引数' : 'double' から 'int' への変換です。データが失われる可能性があります。
     1>C:\Users\Robot\Documents\Visual Studio 2013\Projects\Localization.ver2\include/LocalizationPF.h(1722): warning C4018: '<' : signed と unsigned の数値を比較しようとしました。
     1>C:\Users\Robot\Documents\Visual Studio 2013\Projects\Localization.ver2\include/LocalizationPF.h(1725): warning C4244: '引数' : 'double' から 'int' への変換です。データが失われる可能性があります。
     1>C:\Users\Robot\Documents\Visual Studio 2013\Projects\Localization.ver2\include/LocalizationPF.h(1731): warning C4244: '引数' : 'double' から 'int' への変換です。データが失われる可能性があります。
     1>C:\Users\Robot\Documents\Visual Studio 2013\Projects\Localization.ver2\include/LocalizationPF.h(1759): warning C4305: '引数' : 'double' から 'float' へ切り詰めます。
     1>C:\Users\Robot\Documents\Visual Studio 2013\Projects\Localization.ver2\include/LocalizationPF.h(1760): warning C4305: '引数' : 'double' から 'float' へ切り詰めます。
     1>C:\Users\Robot\Documents\Visual Studio 2013\Projects\Localization.ver2\include/LocalizationPF.h(1761): warning C4305: '引数' : 'double' から 'float' へ切り詰めます。
     1>C:\Users\Robot\Documents\Visual Studio 2013\Projects\Localization.ver2\include/LocalizationPF.h(1762): warning C4305: '引数' : 'double' から 'float' へ切り詰めます。
     1>C:\Users\Robot\Documents\Visual Studio 2013\Projects\Localization.ver2\include/LocalizationPF.h(1779): warning C4244: '引数' : 'double' から 'int' への変換です。データが失われる可能性があります。
     1>C:\Users\Robot\Documents\Visual Studio 2013\Projects\Localization.ver2\include/LocalizationPF.h(1841): warning C4305: '引数' : 'double' から 'float' へ切り詰めます。
     1>C:\Users\Robot\Documents\Visual Studio 2013\Projects\Localization.ver2\include/LocalizationPF.h(1851): warning C4305: '引数' : 'double' から 'float' へ切り詰めます。
     1>C:\Users\Robot\Documents\Visual Studio 2013\Projects\Localization.ver2\include/LocalizationPF.h(1856): warning C4305: '引数' : 'double' から 'float' へ切り詰めます。
     1>C:\Users\Robot\Documents\Visual Studio 2013\Projects\Localization.ver2\include/LocalizationPF.h(1861): warning C4305: '引数' : 'double' から 'float' へ切り詰めます。
     1>C:\Users\Robot\Documents\Visual Studio 2013\Projects\Localization.ver2\include/LocalizationPF.h(1867): warning C4305: '引数' : 'double' から 'float' へ切り詰めます。
     1>C:\Users\Robot\Documents\Visual Studio 2013\Projects\Localization.ver2\include/LocalizationPF.h(1872): warning C4305: '引数' : 'double' から 'float' へ切り詰めます。
     1>C:\Users\Robot\Documents\Visual Studio 2013\Projects\Localization.ver2\include/LocalizationPF.h(1945): warning C4244: '引数' : 'double' から 'int' への変換です。データが失われる可能性があります。
     1>C:\Users\Robot\Documents\Visual Studio 2013\Projects\Localization.ver2\include/LocalizationPF.h(1994): warning C4305: '引数' : 'double' から 'float' へ切り詰めます。
     1>C:\Users\Robot\Documents\Visual Studio 2013\Projects\Localization.ver2\include/LocalizationPF.h(1997): warning C4244: '*=' : 'double' から 'int' への変換です。データが失われる可能性があります。
     1>C:\Users\Robot\Documents\Visual Studio 2013\Projects\Localization.ver2\include/LocalizationPF.h(1998): warning C4244: '*=' : 'double' から 'int' への変換です。データが失われる可能性があります。
     1>C:\Users\Robot\Documents\Visual Studio 2013\Projects\Localization.ver2\include/LocalizationPF.h(1999): warning C4244: '初期化中' : 'double' から 'int' への変換です。データが失われる可能性があります。
     1>C:\Users\Robot\Documents\Visual Studio 2013\Projects\Localization.ver2\include/LocalizationPF.h(2000): warning C4244: '初期化中' : 'double' から 'int' への変換です。データが失われる可能性があります。
     1>C:\Users\Robot\Documents\Visual Studio 2013\Projects\Localization.ver2\include/LocalizationPF.h(2001): warning C4244: '初期化中' : 'double' から 'float' への変換です。データが失われる可能性があります。
     1>C:\Users\Robot\Documents\Visual Studio 2013\Projects\Localization.ver2\include/LocalizationPF.h(2002): warning C4244: '初期化中' : 'float' から 'int' への変換です。データが失われる可能性があります。
     1>C:\Users\Robot\Documents\Visual Studio 2013\Projects\Localization.ver2\include/LocalizationPF.h(2003): warning C4244: '引数' : 'double' から 'int' への変換です。データが失われる可能性があります。
     1>C:\Users\Robot\Documents\Visual Studio 2013\Projects\Localization.ver2\include/LocalizationPF.h(2033): warning C4244: '引数' : 'float' から 'int' への変換です。データが失われる可能性があります。
     1>C:\Users\Robot\Documents\Visual Studio 2013\Projects\Localization.ver2\include/LocalizationPF.h(2113): warning C4244: '引数' : 'double' から 'int' への変換です。データが失われる可能性があります。
     1>C:\Users\Robot\Documents\Visual Studio 2013\Projects\Localization.ver2\include/LocalizationPF.h(2438): warning C4018: '>=' : signed と unsigned の数値を比較しようとしました。
     1>C:\Users\Robot\Documents\Visual Studio 2013\Projects\Localization.ver2\include/LocalizationPF.h(2446): warning C4018: '<' : signed と unsigned の数値を比較しようとしました。
     1>C:\Users\Robot\Documents\Visual Studio 2013\Projects\Localization.ver2\include/LocalizationPF.h(2462): warning C4018: '<' : signed と unsigned の数値を比較しようとしました。
     1>C:\Users\Robot\Documents\Visual Studio 2013\Projects\Localization.ver2\include/LocalizationPF.h(2552): warning C4018: '<' : signed と unsigned の数値を比較しようとしました。
     1>C:\Users\Robot\Documents\Visual Studio 2013\Projects\Localization.ver2\include/LocalizationPF.h(2735): warning C4018: '<' : signed と unsigned の数値を比較しようとしました。
     1>C:\Users\Robot\Documents\Visual Studio 2013\Projects\Localization.ver2\include/LocalizationPF.h(2759): warning C4018: '<' : signed と unsigned の数値を比較しようとしました。
     1>C:\Users\Robot\Documents\Visual Studio 2013\Projects\Localization.ver2\include/LocalizationPF.h(2773): warning C4018: '<' : signed と unsigned の数値を比較しようとしました。
     1>C:\Users\Robot\Documents\Visual Studio 2013\Projects\Localization.ver2\include/LocalizationPF.h(2836): warning C4018: '<' : signed と unsigned の数値を比較しようとしました。
     1>C:\Users\Robot\Documents\Visual Studio 2013\Projects\Localization.ver2\include/LocalizationPF.h(2901): warning C4018: '<' : signed と unsigned の数値を比較しようとしました。
     1>C:\Users\Robot\Documents\Visual Studio 2013\Projects\Localization.ver2\include/LocalizationPF.h(2902): warning C4018: '<' : signed と unsigned の数値を比較しようとしました。
     1>C:\Users\Robot\Documents\Visual Studio 2013\Projects\Localization.ver2\include/LocalizationPF.h(2951): warning C4018: '<' : signed と unsigned の数値を比較しようとしました。
     1>C:\Users\Robot\Documents\Visual Studio 2013\Projects\Localization.ver2\include/LocalizationPF.h(2952): warning C4018: '<' : signed と unsigned の数値を比較しようとしました。
     1>C:\Users\Robot\Documents\Visual Studio 2013\Projects\Localization.ver2\include/LocalizationPF.h(2997): warning C4018: '<' : signed と unsigned の数値を比較しようとしました。
     1>C:\Users\Robot\Documents\Visual Studio 2013\Projects\Localization.ver2\include/LocalizationPF.h(2998): warning C4018: '<' : signed と unsigned の数値を比較しようとしました。
     1>C:\Users\Robot\Documents\Visual Studio 2013\Projects\Localization.ver2\include/LocalizationPF.h(3009): warning C4018: '<' : signed と unsigned の数値を比較しようとしました。
     1>C:\Users\Robot\Documents\Visual Studio 2013\Projects\Localization.ver2\include/LocalizationPF.h(3010): warning C4018: '<' : signed と unsigned の数値を比較しようとしました。
     1>C:\Users\Robot\Documents\Visual Studio 2013\Projects\Localization.ver2\include/LocalizationPF.h(3034): warning C4018: '<' : signed と unsigned の数値を比較しようとしました。
     1>C:\Users\Robot\Documents\Visual Studio 2013\Projects\Localization.ver2\include/LocalizationPF.h(3035): warning C4018: '<' : signed と unsigned の数値を比較しようとしました。
     1>C:\Users\Robot\Documents\Visual Studio 2013\Projects\Localization.ver2\include/LocalizationPF.h(3076): warning C4018: '<' : signed と unsigned の数値を比較しようとしました。
     1>C:\Users\Robot\Documents\Visual Studio 2013\Projects\Localization.ver2\include/LocalizationPF.h(3077): warning C4018: '<' : signed と unsigned の数値を比較しようとしました。
     1>C:\Users\Robot\Documents\Visual Studio 2013\Projects\Localization.ver2\include/LocalizationPF.h(3088): warning C4018: '<' : signed と unsigned の数値を比較しようとしました。
     1>C:\Users\Robot\Documents\Visual Studio 2013\Projects\Localization.ver2\include/LocalizationPF.h(3089): warning C4018: '<' : signed と unsigned の数値を比較しようとしました。
     1>C:\Users\Robot\Documents\Visual Studio 2013\Projects\Localization.ver2\include/LocalizationPF.h(3118): warning C4018: '>=' : signed と unsigned の数値を比較しようとしました。
     1>C:\Users\Robot\Documents\Visual Studio 2013\Projects\Localization.ver2\include/LocalizationPF.h(3139): warning C4018: '<' : signed と unsigned の数値を比較しようとしました。
     1>C:\Users\Robot\Documents\Visual Studio 2013\Projects\Localization.ver2\include/LocalizationPF.h(3165): warning C4018: '<' : signed と unsigned の数値を比較しようとしました。
     1>C:\Users\Robot\Documents\Visual Studio 2013\Projects\Localization.ver2\include/LocalizationPF.h(3412): warning C4305: '引数' : 'double' から 'float' へ切り詰めます。
     1>C:\Users\Robot\Documents\Visual Studio 2013\Projects\Localization.ver2\include/LocalizationPF.h(3414): warning C4305: '引数' : 'double' から 'float' へ切り詰めます。
     1>C:\Users\Robot\Documents\Visual Studio 2013\Projects\Localization.ver2\include/LocalizationPF.h(3520): warning C4305: '引数' : 'double' から 'float' へ切り詰めます。
     1>C:\Users\Robot\Documents\Visual Studio 2013\Projects\Localization.ver2\include/LocalizationPF.h(3684): warning C4018: '<' : signed と unsigned の数値を比較しようとしました。
     1>C:\Users\Robot\Documents\Visual Studio 2013\Projects\Localization.ver2\include/LocalizationPF.h(3698): warning C4305: '引数' : 'double' から 'float' へ切り詰めます。
     1>C:\Users\Robot\Documents\Visual Studio 2013\Projects\Localization.ver2\include/LocalizationPF.h(3699): warning C4305: '引数' : 'double' から 'float' へ切り詰めます。
     1>C:\Users\Robot\Documents\Visual Studio 2013\Projects\Localization.ver2\include/LocalizationPF.h(3768): warning C4018: '<' : signed と unsigned の数値を比較しようとしました。
     1>C:\Users\Robot\Documents\Visual Studio 2013\Projects\Localization.ver2\include/LocalizationPF.h(3781): warning C4305: '引数' : 'double' から 'float' へ切り詰めます。
     1>C:\Users\Robot\Documents\Visual Studio 2013\Projects\Localization.ver2\include/LocalizationPF.h(3877): warning C4244: '=' : 'double' から 'float' への変換です。データが失われる可能性があります。
     1>C:\Users\Robot\Documents\Visual Studio 2013\Projects\Localization.ver2\include/LocalizationPF.h(3907): warning C4244: '=' : 'double' から 'float' への変換です。データが失われる可能性があります。
     1>C:\Users\Robot\Documents\Visual Studio 2013\Projects\Localization.ver2\include/LocalizationPF.h(4029): warning C4244: '=' : 'double' から 'float' への変換です。データが失われる可能性があります。
     1>C:\Users\Robot\Documents\Visual Studio 2013\Projects\Localization.ver2\include/LocalizationPF.h(4057): warning C4244: '=' : 'double' から 'float' への変換です。データが失われる可能性があります。
     1>C:\Users\Robot\Documents\Visual Studio 2013\Projects\Localization.ver2\include/LocalizationPF.h(4196): warning C4305: '引数' : 'double' から 'float' へ切り詰めます。
     1>C:\Users\Robot\Documents\Visual Studio 2013\Projects\Localization.ver2\include/LocalizationPF.h(4198): warning C4305: '引数' : 'double' から 'float' へ切り詰めます。
     1>C:\Users\Robot\Documents\Visual Studio 2013\Projects\Localization.ver2\include/LocalizationPF.h(4230): warning C4018: '<' : signed と unsigned の数値を比較しようとしました。
     1>C:\Users\Robot\Documents\Visual Studio 2013\Projects\Localization.ver2\include/LocalizationPF.h(4238): warning C4018: '<' : signed と unsigned の数値を比較しようとしました。
     1>C:\Users\Robot\Documents\Visual Studio 2013\Projects\Localization.ver2\include/LocalizationPF.h(4243): warning C4018: '<' : signed と unsigned の数値を比較しようとしました。
     1>C:\Users\Robot\Documents\Visual Studio 2013\Projects\Localization.ver2\include/LocalizationPF.h(4297): warning C4305: '引数' : 'double' から 'float' へ切り詰めます。
     1>C:\Users\Robot\Documents\Visual Studio 2013\Projects\Localization.ver2\include/LocalizationPF.h(4325): warning C4018: '<' : signed と unsigned の数値を比較しようとしました。
     1>C:\Users\Robot\Documents\Visual Studio 2013\Projects\Localization.ver2\include/LocalizationPF.h(4330): warning C4018: '<' : signed と unsigned の数値を比較しようとしました。
     1>C:\Users\Robot\Documents\Visual Studio 2013\Projects\Localization.ver2\include/LocalizationPF.h(5249): warning C4018: '<' : signed と unsigned の数値を比較しようとしました。
     1>C:\Users\Robot\Documents\Visual Studio 2013\Projects\Localization.ver2\include/LocalizationPF.h(5273): warning C4018: '<' : signed と unsigned の数値を比較しようとしました。
     1>C:\Users\Robot\Documents\Visual Studio 2013\Projects\Localization.ver2\include/LocalizationPF.h(3416): warning C4101: 'omni_w_rotate' : ローカル変数は 1 度も使われていません。
     1>c:\users\robot\documents\visual studio 2013\projects\localization.ver2\include\ParticleFilter.h(284): warning C4244: '初期化中' : 'double' から 'int' への変換です。データが失われる可能性があります。
                 c:\users\robot\documents\visual studio 2013\projects\localization.ver2\include\ParticleFilter.h(277): クラス テンプレート のメンバー関数 'void ParticleFilter<Position<double>>::Resample(void)' のコンパイル中
                 Localization4.cpp(335) : コンパイルされたクラスの テンプレート のインスタンス化 'void ParticleFilter<Position<double>>::Resample(void)' の参照を確認してください
                 C:\Users\Robot\Documents\Visual Studio 2013\Projects\Localization.ver2\include/LocalizationPF.h(23) : コンパイルされたクラスの テンプレート のインスタンス化 'ParticleFilter<Position<double>>' の参照を確認してください
     1>c:\users\robot\documents\visual studio 2013\projects\localization.ver2\include\mycv.h(174): warning C4244: '=' : 'double' から 'int' への変換です。データが失われる可能性があります。
                 C:\Users\Robot\Documents\Visual Studio 2013\Projects\Localization.ver2\include/Lidar2d.h(199) : コンパイルされたクラスの テンプレート のインスタンス化 'cv::Point ToPixel<Coor<double>,int,double>(const C &,const cv::Mat &,T,S,S)' の参照を確認してください
                 with
                 [
                     C=Coor<double>
         ,            T=int
         ,            S=double
                 ]
     1>c:\users\robot\documents\visual studio 2013\projects\localization.ver2\include\mycv.h(175): warning C4244: '=' : 'double' から 'int' への変換です。データが失われる可能性があります。
     1>c:\users\robot\documents\visual studio 2013\projects\localization.ver2\include\mycv.h(184): warning C4244: '=' : 'double' から 'int' への変換です。データが失われる可能性があります。
                 C:\Users\Robot\Documents\Visual Studio 2013\Projects\Localization.ver2\include/LocalizationPF.h(1531) : コンパイルされたクラスの テンプレート のインスタンス化 'cv::Point ToPixel<Position<double>,int,double>(const C &,int,int,T,S,S)' の参照を確認してください
                 with
                 [
                     C=Position<double>
         ,            T=int
         ,            S=double
                 ]
     1>c:\users\robot\documents\visual studio 2013\projects\localization.ver2\include\mycv.h(185): warning C4244: '=' : 'double' から 'int' への変換です。データが失われる可能性があります。
     1>c:\users\robot\documents\visual studio 2013\projects\localization.ver2\include\mycv.h(184): warning C4244: '=' : 'float' から 'int' への変換です。データが失われる可能性があります。
                 C:\Users\Robot\Documents\Visual Studio 2013\Projects\Localization.ver2\include/LocalizationPF.h(1554) : コンパイルされたクラスの テンプレート のインスタンス化 'cv::Point ToPixel<Coor<double>,int,float>(const C &,int,int,T,S,S)' の参照を確認してください
                 with
                 [
                     C=Coor<double>
         ,            T=int
         ,            S=float
                 ]
     1>c:\users\robot\documents\visual studio 2013\projects\localization.ver2\include\mycv.h(185): warning C4244: '=' : 'float' から 'int' への変換です。データが失われる可能性があります。
     1>C:\Users\Robot\Documents\Visual Studio 2013\Projects\Localization.ver2\include\myfun.h(501): warning C4018: '<' : signed と unsigned の数値を比較しようとしました。
                 C:\Users\Robot\Documents\Visual Studio 2013\Projects\Localization.ver2\include/LocalizationPF.h(1698) : コンパイルされたクラスの テンプレート のインスタンス化 'std::vector<int,std::allocator<_Ty>> sortUpIdx<double>(std::vector<double,std::allocator<double>>)' の参照を確認してください
                 with
                 [
                     _Ty=int
                 ]
     1>C:\Users\Robot\Documents\Visual Studio 2013\Projects\Localization.ver2\include\myfun.h(503): warning C4018: '<' : signed と unsigned の数値を比較しようとしました。
     1>C:\Users\Robot\Documents\Visual Studio 2013\Projects\Localization.ver2\include\myfun.h(505): warning C4018: '<' : signed と unsigned の数値を比較しようとしました。
     1>C:\Users\Robot\Documents\Visual Studio 2013\Projects\Localization.ver2\include\myfun.h(160): warning C4018: '<' : signed と unsigned の数値を比較しようとしました。
                 C:\Users\Robot\Documents\Visual Studio 2013\Projects\Localization.ver2\include/LocalizationPF.h(2747) : コンパイルされたクラスの テンプレート のインスタンス化 'std::ostream &operator <<<bool>(std::ostream &,const std::vector<bool,std::allocator<_Ty>> &)' の参照を確認してください
                 with
                 [
                     _Ty=bool
                 ]
     1>C:\Users\Robot\Documents\Visual Studio 2013\Projects\Localization.ver2\include/OmniCamera.h(871): warning C4018: '<' : signed と unsigned の数値を比較しようとしました。
                 C:\Users\Robot\Documents\Visual Studio 2013\Projects\Localization.ver2\include/LocalizationPF.h(3310) : コンパイルされたクラスの テンプレート のインスタンス化 'void OmniCamera::calcSimilarityBetweenImages<double>(const Position<double> &,OMNI_FEATURE_TYPE)' の参照を確認してください
     1>C:\Users\Robot\Documents\Visual Studio 2013\Projects\Localization.ver2\include/OmniCamera.h(898): warning C4018: '<' : signed と unsigned の数値を比較しようとしました。
     1>C:\Users\Robot\Documents\Visual Studio 2013\Projects\Localization.ver2\include/OmniCamera.h(913): warning C4018: '<' : signed と unsigned の数値を比較しようとしました。
     1>C:\Users\Robot\Documents\Visual Studio 2013\Projects\Localization.ver2\include/OmniCamera.h(560): warning C4018: '<' : signed と unsigned の数値を比較しようとしました。
                 C:\Users\Robot\Documents\Visual Studio 2013\Projects\Localization.ver2\include/LocalizationPF.h(3311) : コンパイルされたクラスの テンプレート のインスタンス化 'void OmniCamera::setMeasBofSift<double>(Position<double>)' の参照を確認してください
     1>C:\Users\Robot\Documents\Visual Studio 2013\Projects\Localization.ver2\include/OmniCamera.h(1066): warning C4244: '引数' : 'double' から 'int' への変換です。データが失われる可能性があります。
                 C:\Users\Robot\Documents\Visual Studio 2013\Projects\Localization.ver2\include/LocalizationPF.h(3418) : コンパイルされたクラスの テンプレート のインスタンス化 'double OmniCamera::getLikelihoodBofSift<double>(const Position<double>)' の参照を確認してください
     1>C:\Users\Robot\Documents\Visual Studio 2013\Projects\Localization.ver2\include/OmniCamera.h(1314): warning C4244: '引数' : 'double' から 'int' への変換です。データが失われる可能性があります。
                 C:\Users\Robot\Documents\Visual Studio 2013\Projects\Localization.ver2\include/LocalizationPF.h(3422) : コンパイルされたクラスの テンプレート のインスタンス化 'double OmniCamera::getLikelihood<double>(const Position<double>,OMNI_FEATURE_TYPE)' の参照を確認してください
     1>C:\Users\Robot\Documents\Visual Studio 2013\Projects\Localization.ver2\include/OmniCamera.h(1317): warning C4018: '<' : signed と unsigned の数値を比較しようとしました。
     1>C:\Users\Robot\Documents\Visual Studio 2013\Projects\Localization.ver2\include/OmniCamera.h(1386): warning C4244: '引数' : 'double' から 'int' への変換です。データが失われる可能性があります。
     1>C:\Users\Robot\Documents\Visual Studio 2013\Projects\Localization.ver2\include/OmniCamera.h(1389): warning C4018: '<' : signed と unsigned の数値を比較しようとしました。
       Link:
         C:\Program Files (x86)\Microsoft Visual Studio 12.0\VC\bin\link.exe /ERRORREPORT:PROMPT /OUT:"C:\Users\Robot\Documents\Visual Studio 2013\Projects\Localization.ver2\Release\Localization4.exe" /INCREMENTAL:NO /NOLOGO "C:\Users\Robot\Documents\Visual Studio 2013\Projects\Localization.ver2\packages\OpenCV.2.4.11\build\native\../../build/native/lib/Win32/v120/Release/opencv_videostab2411.lib" "C:\Users\Robot\Documents\Visual Studio 2013\Projects\Localization.ver2\packages\OpenCV.2.4.11\build\native\../../build/native/lib/Win32/v120/Release/opencv_video2411.lib" "C:\Users\Robot\Documents\Visual Studio 2013\Projects\Localization.ver2\packages\OpenCV.2.4.11\build\native\../../build/native/lib/Win32/v120/Release/opencv_ts2411.lib" "C:\Users\Robot\Documents\Visual Studio 2013\Projects\Localization.ver2\packages\OpenCV.2.4.11\build\native\../../build/native/lib/Win32/v120/Release/opencv_superres2411.lib" "C:\Users\Robot\Documents\Visual Studio 2013\Projects\Localization.ver2\packages\OpenCV.2.4.11\build\native\../../build/native/lib/Win32/v120/Release/opencv_stitching2411.lib" "C:\Users\Robot\Documents\Visual Studio 2013\Projects\Localization.ver2\packages\OpenCV.2.4.11\build\native\../../build/native/lib/Win32/v120/Release/opencv_photo2411.lib" "C:\Users\Robot\Documents\Visual Studio 2013\Projects\Localization.ver2\packages\OpenCV.2.4.11\build\native\../../build/native/lib/Win32/v120/Release/opencv_ocl2411.lib" "C:\Users\Robot\Documents\Visual Studio 2013\Projects\Localization.ver2\packages\OpenCV.2.4.11\build\native\../../build/native/lib/Win32/v120/Release/opencv_objdetect2411.lib" "C:\Users\Robot\Documents\Visual Studio 2013\Projects\Localization.ver2\packages\OpenCV.2.4.11\build\native\../../build/native/lib/Win32/v120/Release/opencv_nonfree2411.lib" "C:\Users\Robot\Documents\Visual Studio 2013\Projects\Localization.ver2\packages\OpenCV.2.4.11\build\native\../../build/native/lib/Win32/v120/Release/opencv_ml2411.lib" "C:\Users\Robot\Documents\Visual Studio 2013\Projects\Localization.ver2\packages\OpenCV.2.4.11\build\native\../../build/native/lib/Win32/v120/Release/opencv_legacy2411.lib" "C:\Users\Robot\Documents\Visual Studio 2013\Projects\Localization.ver2\packages\OpenCV.2.4.11\build\native\../../build/native/lib/Win32/v120/Release/opencv_imgproc2411.lib" "C:\Users\Robot\Documents\Visual Studio 2013\Projects\Localization.ver2\packages\OpenCV.2.4.11\build\native\../../build/native/lib/Win32/v120/Release/opencv_highgui2411.lib" "C:\Users\Robot\Documents\Visual Studio 2013\Projects\Localization.ver2\packages\OpenCV.2.4.11\build\native\../../build/native/lib/Win32/v120/Release/opencv_gpu2411.lib" "C:\Users\Robot\Documents\Visual Studio 2013\Projects\Localization.ver2\packages\OpenCV.2.4.11\build\native\../../build/native/lib/Win32/v120/Release/opencv_flann2411.lib" "C:\Users\Robot\Documents\Visual Studio 2013\Projects\Localization.ver2\packages\OpenCV.2.4.11\build\native\../../build/native/lib/Win32/v120/Release/opencv_features2d2411.lib" "C:\Users\Robot\Documents\Visual Studio 2013\Projects\Localization.ver2\packages\OpenCV.2.4.11\build\native\../../build/native/lib/Win32/v120/Release/opencv_core2411.lib" "C:\Users\Robot\Documents\Visual Studio 2013\Projects\Localization.ver2\packages\OpenCV.2.4.11\build\native\../../build/native/lib/Win32/v120/Release/opencv_contrib2411.lib" "C:\Users\Robot\Documents\Visual Studio 2013\Projects\Localization.ver2\packages\OpenCV.2.4.11\build\native\../../build/native/lib/Win32/v120/Release/opencv_calib3d2411.lib" kernel32.lib user32.lib gdi32.lib winspool.lib comdlg32.lib advapi32.lib shell32.lib ole32.lib oleaut32.lib uuid.lib odbc32.lib odbccp32.lib /MANIFEST /MANIFESTUAC:"level='asInvoker' uiAccess='false'" /manifest:embed /DEBUG /PDB:"C:\Users\Robot\Documents\Visual Studio 2013\Projects\Localization.ver2\Release\Localization4.pdb" /SUBSYSTEM:CONSOLE /OPT:REF /OPT:ICF /LTCG /TLBID:1 /DYNAMICBASE /NXCOMPAT /IMPLIB:"C:\Users\Robot\Documents\Visual Studio 2013\Projects\Localization.ver2\Release\Localization4.lib" /MACHINE:X86 /SAFESEH Release\Localization4.obj
         Release\stdafx.obj
         コード生成しています。
     1>c:\users\robot\documents\visual studio 2013\projects\localization.ver2\include\omnicamera.h(1456): warning C4715: 'OmniCamera::getLikelihood<double>' : 値を返さないコントロール パスがあります。
         コード生成が終了しました。
         Localization4.vcxproj -> C:\Users\Robot\Documents\Visual Studio 2013\Projects\Localization.ver2\Release\Localization4.exe
     1>プロジェクト "C:\Users\Robot\Documents\Visual Studio 2013\Projects\Localization.ver2\Localization4\Localization4.vcxproj" (Build ターゲット) のビルドが完了しました。

ビルドに成功しました。

経過時間 00:00:08.10
