2018/04/26 5:20:49 にビルドを開始しました。
     1>ノード 2 上のプロジェクト "C:\Users\Robot\Documents\Visual Studio 2013\Projects\Localization.ver2\Localization\Localization.vcxproj" (Build ターゲット)。
     1>ClCompile:
         C:\Program Files (x86)\Microsoft Visual Studio 12.0\VC\bin\CL.exe /c /I"C:\Users\Robot\Documents\Visual Studio 2013\Projects\Localization.ver2\packages\OpenCV.2.4.11\build\native\../../build/native/include/" /I"C:\Users\Robot\Documents\Visual Studio 2013\Projects\Localization.ver2\\" /ZI /nologo /W3 /WX- /sdl /Od /Oy- /D HAS_OPENCV /D WIN32 /D _DEBUG /D _CONSOLE /D _LIB /D _UNICODE /D UNICODE /Gm /EHsc /RTC1 /MDd /GS /fp:precise /Zc:wchar_t /Zc:forScope /Yu"stdafx.h" /Fp"Debug\Localization.pch" /Fo"Debug\\" /Fd"Debug\vc120.pdb" /Gd /TP /analyze- /errorReport:prompt Localization.cpp
         Localization.cpp
     1>c:\program files (x86)\microsoft visual studio 12.0\vc\include\math.h(1298): warning C4005: 'M_PI' : マクロが再定義されました。
                 c:\users\robot\documents\visual studio 2013\projects\localization.ver2\include\googleearth.hpp(7) : 'M_PI' の前の定義を確認してください
     1>c:\users\robot\documents\visual studio 2013\projects\localization.ver2\include\svd.h(155): warning C4244: '=' : 'double' から 'int' への変換です。データが失われる可能性があります。
     1>c:\users\robot\documents\visual studio 2013\projects\localization.ver2\include\myfun.h(483): warning C4018: '<' : signed と unsigned の数値を比較しようとしました。
     1>c:\users\robot\documents\visual studio 2013\projects\localization.ver2\include\leica.h(14): warning C4005: 'M_PI' : マクロが再定義されました。
                 c:\program files (x86)\microsoft visual studio 12.0\vc\include\math.h(1298) : 'M_PI' の前の定義を確認してください
     1>c:\users\robot\documents\visual studio 2013\projects\localization.ver2\include\lidar2d.h(177): warning C4018: '<' : signed と unsigned の数値を比較しようとしました。
     1>c:\users\robot\documents\visual studio 2013\projects\localization.ver2\include\omnicamera.h(238): warning C4018: '<' : signed と unsigned の数値を比較しようとしました。
     1>c:\users\robot\documents\visual studio 2013\projects\localization.ver2\include\omnicamera.h(248): warning C4018: '<' : signed と unsigned の数値を比較しようとしました。
     1>c:\users\robot\documents\visual studio 2013\projects\localization.ver2\include\omnicamera.h(269): warning C4018: '>=' : signed と unsigned の数値を比較しようとしました。
     1>c:\users\robot\documents\visual studio 2013\projects\localization.ver2\include\omnicamera.h(298): warning C4018: '>=' : signed と unsigned の数値を比較しようとしました。
     1>c:\users\robot\documents\visual studio 2013\projects\localization.ver2\include\omnicamera.h(412): warning C4244: '引数' : 'double' から 'int' への変換です。データが失われる可能性があります。
     1>c:\users\robot\documents\visual studio 2013\projects\localization.ver2\include\omnicamera.h(421): warning C4244: '引数' : 'double' から 'int' への変換です。データが失われる可能性があります。
     1>c:\users\robot\documents\visual studio 2013\projects\localization.ver2\include\omnicamera.h(440): warning C4244: '引数' : 'double' から 'int' への変換です。データが失われる可能性があります。
     1>c:\users\robot\documents\visual studio 2013\projects\localization.ver2\include\omnicamera.h(450): warning C4244: '引数' : 'double' から 'int' への変換です。データが失われる可能性があります。
     1>c:\users\robot\documents\visual studio 2013\projects\localization.ver2\include\omnicamera.h(1281): warning C4244: '引数' : 'double' から 'int' への変換です。データが失われる可能性があります。
     1>c:\users\robot\documents\visual studio 2013\projects\localization.ver2\include\omnicamera.h(1293): warning C4244: '引数' : 'double' から 'int' への変換です。データが失われる可能性があります。
     1>c:\users\robot\documents\visual studio 2013\projects\localization.ver2\include\localizationpf.h(389): warning C4018: '<' : signed と unsigned の数値を比較しようとしました。
     1>c:\users\robot\documents\visual studio 2013\projects\localization.ver2\include\localizationpf.h(391): warning C4018: '<' : signed と unsigned の数値を比較しようとしました。
     1>c:\users\robot\documents\visual studio 2013\projects\localization.ver2\include\localizationpf.h(394): warning C4018: '>=' : signed と unsigned の数値を比較しようとしました。
     1>c:\users\robot\documents\visual studio 2013\projects\localization.ver2\include\localizationpf.h(398): warning C4018: '>=' : signed と unsigned の数値を比較しようとしました。
     1>c:\users\robot\documents\visual studio 2013\projects\localization.ver2\include\localizationpf.h(444): warning C4018: '<' : signed と unsigned の数値を比較しようとしました。
     1>c:\users\robot\documents\visual studio 2013\projects\localization.ver2\include\localizationpf.h(468): warning C4244: '初期化中' : 'float' から 'int' への変換です。データが失われる可能性があります。
     1>c:\users\robot\documents\visual studio 2013\projects\localization.ver2\include\localizationpf.h(1348): warning C4018: '<' : signed と unsigned の数値を比較しようとしました。
     1>c:\users\robot\documents\visual studio 2013\projects\localization.ver2\include\localizationpf.h(1477): warning C4244: '=' : 'double' から 'int' への変換です。データが失われる可能性があります。
     1>c:\users\robot\documents\visual studio 2013\projects\localization.ver2\include\localizationpf.h(1596): warning C4018: '<' : signed と unsigned の数値を比較しようとしました。
     1>c:\users\robot\documents\visual studio 2013\projects\localization.ver2\include\localizationpf.h(1644): warning C4244: '引数' : 'double' から 'int' への変換です。データが失われる可能性があります。
     1>c:\users\robot\documents\visual studio 2013\projects\localization.ver2\include\localizationpf.h(1657): warning C4018: '<' : signed と unsigned の数値を比較しようとしました。
     1>c:\users\robot\documents\visual studio 2013\projects\localization.ver2\include\localizationpf.h(1660): warning C4244: '引数' : 'double' から 'int' への変換です。データが失われる可能性があります。
     1>c:\users\robot\documents\visual studio 2013\projects\localization.ver2\include\localizationpf.h(1666): warning C4244: '引数' : 'double' から 'int' への変換です。データが失われる可能性があります。
     1>c:\users\robot\documents\visual studio 2013\projects\localization.ver2\include\localizationpf.h(1694): warning C4305: '引数' : 'double' から 'float' へ切り詰めます。
     1>c:\users\robot\documents\visual studio 2013\projects\localization.ver2\include\localizationpf.h(1695): warning C4305: '引数' : 'double' から 'float' へ切り詰めます。
     1>c:\users\robot\documents\visual studio 2013\projects\localization.ver2\include\localizationpf.h(1696): warning C4305: '引数' : 'double' から 'float' へ切り詰めます。
     1>c:\users\robot\documents\visual studio 2013\projects\localization.ver2\include\localizationpf.h(1697): warning C4305: '引数' : 'double' から 'float' へ切り詰めます。
     1>c:\users\robot\documents\visual studio 2013\projects\localization.ver2\include\localizationpf.h(1714): warning C4244: '引数' : 'double' から 'int' への変換です。データが失われる可能性があります。
     1>c:\users\robot\documents\visual studio 2013\projects\localization.ver2\include\localizationpf.h(1776): warning C4305: '引数' : 'double' から 'float' へ切り詰めます。
     1>c:\users\robot\documents\visual studio 2013\projects\localization.ver2\include\localizationpf.h(1785): warning C4305: '引数' : 'double' から 'float' へ切り詰めます。
     1>c:\users\robot\documents\visual studio 2013\projects\localization.ver2\include\localizationpf.h(1789): warning C4305: '引数' : 'double' から 'float' へ切り詰めます。
     1>c:\users\robot\documents\visual studio 2013\projects\localization.ver2\include\localizationpf.h(1793): warning C4305: '引数' : 'double' から 'float' へ切り詰めます。
     1>c:\users\robot\documents\visual studio 2013\projects\localization.ver2\include\localizationpf.h(1798): warning C4305: '引数' : 'double' から 'float' へ切り詰めます。
     1>c:\users\robot\documents\visual studio 2013\projects\localization.ver2\include\localizationpf.h(1802): warning C4305: '引数' : 'double' から 'float' へ切り詰めます。
     1>c:\users\robot\documents\visual studio 2013\projects\localization.ver2\include\localizationpf.h(1880): warning C4244: '引数' : 'double' から 'int' への変換です。データが失われる可能性があります。
     1>c:\users\robot\documents\visual studio 2013\projects\localization.ver2\include\localizationpf.h(1929): warning C4305: '引数' : 'double' から 'float' へ切り詰めます。
     1>c:\users\robot\documents\visual studio 2013\projects\localization.ver2\include\localizationpf.h(1932): warning C4244: '*=' : 'double' から 'int' への変換です。データが失われる可能性があります。
     1>c:\users\robot\documents\visual studio 2013\projects\localization.ver2\include\localizationpf.h(1933): warning C4244: '*=' : 'double' から 'int' への変換です。データが失われる可能性があります。
     1>c:\users\robot\documents\visual studio 2013\projects\localization.ver2\include\localizationpf.h(1934): warning C4244: '初期化中' : 'double' から 'int' への変換です。データが失われる可能性があります。
     1>c:\users\robot\documents\visual studio 2013\projects\localization.ver2\include\localizationpf.h(1935): warning C4244: '初期化中' : 'double' から 'int' への変換です。データが失われる可能性があります。
     1>c:\users\robot\documents\visual studio 2013\projects\localization.ver2\include\localizationpf.h(1936): warning C4244: '初期化中' : 'double' から 'float' への変換です。データが失われる可能性があります。
     1>c:\users\robot\documents\visual studio 2013\projects\localization.ver2\include\localizationpf.h(1966): warning C4244: '引数' : 'float' から 'int' への変換です。データが失われる可能性があります。
     1>c:\users\robot\documents\visual studio 2013\projects\localization.ver2\include\localizationpf.h(2046): warning C4244: '引数' : 'double' から 'int' への変換です。データが失われる可能性があります。
     1>c:\users\robot\documents\visual studio 2013\projects\localization.ver2\include\localizationpf.h(2328): warning C4018: '>=' : signed と unsigned の数値を比較しようとしました。
     1>c:\users\robot\documents\visual studio 2013\projects\localization.ver2\include\localizationpf.h(2336): warning C4018: '<' : signed と unsigned の数値を比較しようとしました。
     1>c:\users\robot\documents\visual studio 2013\projects\localization.ver2\include\localizationpf.h(2352): warning C4018: '<' : signed と unsigned の数値を比較しようとしました。
     1>c:\users\robot\documents\visual studio 2013\projects\localization.ver2\include\localizationpf.h(2442): warning C4018: '<' : signed と unsigned の数値を比較しようとしました。
     1>c:\users\robot\documents\visual studio 2013\projects\localization.ver2\include\localizationpf.h(2625): warning C4018: '<' : signed と unsigned の数値を比較しようとしました。
     1>c:\users\robot\documents\visual studio 2013\projects\localization.ver2\include\localizationpf.h(2649): warning C4018: '<' : signed と unsigned の数値を比較しようとしました。
     1>c:\users\robot\documents\visual studio 2013\projects\localization.ver2\include\localizationpf.h(2663): warning C4018: '<' : signed と unsigned の数値を比較しようとしました。
     1>c:\users\robot\documents\visual studio 2013\projects\localization.ver2\include\localizationpf.h(2726): warning C4018: '<' : signed と unsigned の数値を比較しようとしました。
     1>c:\users\robot\documents\visual studio 2013\projects\localization.ver2\include\localizationpf.h(2791): warning C4018: '<' : signed と unsigned の数値を比較しようとしました。
     1>c:\users\robot\documents\visual studio 2013\projects\localization.ver2\include\localizationpf.h(2792): warning C4018: '<' : signed と unsigned の数値を比較しようとしました。
     1>c:\users\robot\documents\visual studio 2013\projects\localization.ver2\include\localizationpf.h(2841): warning C4018: '<' : signed と unsigned の数値を比較しようとしました。
     1>c:\users\robot\documents\visual studio 2013\projects\localization.ver2\include\localizationpf.h(2842): warning C4018: '<' : signed と unsigned の数値を比較しようとしました。
     1>c:\users\robot\documents\visual studio 2013\projects\localization.ver2\include\localizationpf.h(2887): warning C4018: '<' : signed と unsigned の数値を比較しようとしました。
     1>c:\users\robot\documents\visual studio 2013\projects\localization.ver2\include\localizationpf.h(2888): warning C4018: '<' : signed と unsigned の数値を比較しようとしました。
     1>c:\users\robot\documents\visual studio 2013\projects\localization.ver2\include\localizationpf.h(2899): warning C4018: '<' : signed と unsigned の数値を比較しようとしました。
     1>c:\users\robot\documents\visual studio 2013\projects\localization.ver2\include\localizationpf.h(2900): warning C4018: '<' : signed と unsigned の数値を比較しようとしました。
     1>c:\users\robot\documents\visual studio 2013\projects\localization.ver2\include\localizationpf.h(2924): warning C4018: '<' : signed と unsigned の数値を比較しようとしました。
     1>c:\users\robot\documents\visual studio 2013\projects\localization.ver2\include\localizationpf.h(2925): warning C4018: '<' : signed と unsigned の数値を比較しようとしました。
     1>c:\users\robot\documents\visual studio 2013\projects\localization.ver2\include\localizationpf.h(2966): warning C4018: '<' : signed と unsigned の数値を比較しようとしました。
     1>c:\users\robot\documents\visual studio 2013\projects\localization.ver2\include\localizationpf.h(2967): warning C4018: '<' : signed と unsigned の数値を比較しようとしました。
     1>c:\users\robot\documents\visual studio 2013\projects\localization.ver2\include\localizationpf.h(2978): warning C4018: '<' : signed と unsigned の数値を比較しようとしました。
     1>c:\users\robot\documents\visual studio 2013\projects\localization.ver2\include\localizationpf.h(2979): warning C4018: '<' : signed と unsigned の数値を比較しようとしました。
     1>c:\users\robot\documents\visual studio 2013\projects\localization.ver2\include\localizationpf.h(3008): warning C4018: '>=' : signed と unsigned の数値を比較しようとしました。
     1>c:\users\robot\documents\visual studio 2013\projects\localization.ver2\include\localizationpf.h(3029): warning C4018: '<' : signed と unsigned の数値を比較しようとしました。
     1>c:\users\robot\documents\visual studio 2013\projects\localization.ver2\include\localizationpf.h(3055): warning C4018: '<' : signed と unsigned の数値を比較しようとしました。
     1>c:\users\robot\documents\visual studio 2013\projects\localization.ver2\include\localizationpf.h(3066): warning C4018: '<' : signed と unsigned の数値を比較しようとしました。
     1>c:\users\robot\documents\visual studio 2013\projects\localization.ver2\include\localizationpf.h(3089): warning C4018: '<' : signed と unsigned の数値を比較しようとしました。
     1>c:\users\robot\documents\visual studio 2013\projects\localization.ver2\localization\localization.cpp(312): warning C4305: '引数' : 'double' から 'float' へ切り詰めます。
     1>c:\users\robot\documents\visual studio 2013\projects\localization.ver2\localization\localization.cpp(314): warning C4305: '引数' : 'double' から 'float' へ切り詰めます。
     1>c:\users\robot\documents\visual studio 2013\projects\localization.ver2\localization\localization.cpp(420): warning C4305: '引数' : 'double' から 'float' へ切り詰めます。
     1>c:\users\robot\documents\visual studio 2013\projects\localization.ver2\localization\localization.cpp(584): warning C4018: '<' : signed と unsigned の数値を比較しようとしました。
     1>c:\users\robot\documents\visual studio 2013\projects\localization.ver2\localization\localization.cpp(598): warning C4305: '引数' : 'double' から 'float' へ切り詰めます。
     1>c:\users\robot\documents\visual studio 2013\projects\localization.ver2\localization\localization.cpp(599): warning C4305: '引数' : 'double' から 'float' へ切り詰めます。
     1>c:\users\robot\documents\visual studio 2013\projects\localization.ver2\localization\localization.cpp(668): warning C4018: '<' : signed と unsigned の数値を比較しようとしました。
     1>c:\users\robot\documents\visual studio 2013\projects\localization.ver2\localization\localization.cpp(681): warning C4305: '引数' : 'double' から 'float' へ切り詰めます。
     1>c:\users\robot\documents\visual studio 2013\projects\localization.ver2\localization\localization.cpp(777): warning C4244: '=' : 'double' から 'float' への変換です。データが失われる可能性があります。
     1>c:\users\robot\documents\visual studio 2013\projects\localization.ver2\localization\localization.cpp(807): warning C4244: '=' : 'double' から 'float' への変換です。データが失われる可能性があります。
     1>c:\users\robot\documents\visual studio 2013\projects\localization.ver2\localization\localization.cpp(929): warning C4244: '=' : 'double' から 'float' への変換です。データが失われる可能性があります。
     1>c:\users\robot\documents\visual studio 2013\projects\localization.ver2\localization\localization.cpp(957): warning C4244: '=' : 'double' から 'float' への変換です。データが失われる可能性があります。
     1>c:\users\robot\documents\visual studio 2013\projects\localization.ver2\localization\localization.cpp(1096): warning C4305: '引数' : 'double' から 'float' へ切り詰めます。
     1>c:\users\robot\documents\visual studio 2013\projects\localization.ver2\localization\localization.cpp(1098): warning C4305: '引数' : 'double' から 'float' へ切り詰めます。
     1>c:\users\robot\documents\visual studio 2013\projects\localization.ver2\localization\localization.cpp(1130): warning C4018: '<' : signed と unsigned の数値を比較しようとしました。
     1>c:\users\robot\documents\visual studio 2013\projects\localization.ver2\localization\localization.cpp(1138): warning C4018: '<' : signed と unsigned の数値を比較しようとしました。
     1>c:\users\robot\documents\visual studio 2013\projects\localization.ver2\localization\localization.cpp(1143): warning C4018: '<' : signed と unsigned の数値を比較しようとしました。
     1>c:\users\robot\documents\visual studio 2013\projects\localization.ver2\localization\localization.cpp(1197): warning C4305: '引数' : 'double' から 'float' へ切り詰めます。
     1>c:\users\robot\documents\visual studio 2013\projects\localization.ver2\localization\localization.cpp(1225): warning C4018: '<' : signed と unsigned の数値を比較しようとしました。
     1>c:\users\robot\documents\visual studio 2013\projects\localization.ver2\localization\localization.cpp(1230): warning C4018: '<' : signed と unsigned の数値を比較しようとしました。
     1>c:\users\robot\documents\visual studio 2013\projects\localization.ver2\localization\localization.cpp(316): warning C4101: 'omni_w_rotate' : ローカル変数は 1 度も使われていません。
     1>c:\users\robot\documents\visual studio 2013\projects\localization.ver2\include\particlefilter.h(284): warning C4244: '初期化中' : 'double' から 'int' への変換です。データが失われる可能性があります。
                 c:\users\robot\documents\visual studio 2013\projects\localization.ver2\include\particlefilter.h(277): クラス テンプレート のメンバー関数 'void ParticleFilter<Position<double>>::Resample(void)' のコンパイル中
                 c:\users\robot\documents\visual studio 2013\projects\localization.ver2\localization\localization.cpp(2425) : コンパイルされたクラスの テンプレート のインスタンス化 'void ParticleFilter<Position<double>>::Resample(void)' の参照を確認してください
                 c:\users\robot\documents\visual studio 2013\projects\localization.ver2\include\localizationpf.h(24) : コンパイルされたクラスの テンプレート のインスタンス化 'ParticleFilter<Position<double>>' の参照を確認してください
     1>c:\users\robot\documents\visual studio 2013\projects\localization.ver2\include\mycv.h(174): warning C4244: '=' : 'double' から 'int' への変換です。データが失われる可能性があります。
                 c:\users\robot\documents\visual studio 2013\projects\localization.ver2\include\lidar2d.h(199) : コンパイルされたクラスの テンプレート のインスタンス化 'cv::Point ToPixel<Coor<double>,int,double>(const C &,const cv::Mat &,T,S,S)' の参照を確認してください
                 with
                 [
                     C=Coor<double>
         ,            T=int
         ,            S=double
                 ]
     1>c:\users\robot\documents\visual studio 2013\projects\localization.ver2\include\mycv.h(175): warning C4244: '=' : 'double' から 'int' への変換です。データが失われる可能性があります。
     1>c:\users\robot\documents\visual studio 2013\projects\localization.ver2\include\mycv.h(184): warning C4244: '=' : 'double' から 'int' への変換です。データが失われる可能性があります。
                 c:\users\robot\documents\visual studio 2013\projects\localization.ver2\include\localizationpf.h(1495) : コンパイルされたクラスの テンプレート のインスタンス化 'cv::Point ToPixel<Position<double>,int,double>(const C &,int,int,T,S,S)' の参照を確認してください
                 with
                 [
                     C=Position<double>
         ,            T=int
         ,            S=double
                 ]
     1>c:\users\robot\documents\visual studio 2013\projects\localization.ver2\include\mycv.h(185): warning C4244: '=' : 'double' から 'int' への変換です。データが失われる可能性があります。
     1>c:\users\robot\documents\visual studio 2013\projects\localization.ver2\include\mycv.h(184): warning C4244: '=' : 'float' から 'int' への変換です。データが失われる可能性があります。
                 c:\users\robot\documents\visual studio 2013\projects\localization.ver2\include\localizationpf.h(1518) : コンパイルされたクラスの テンプレート のインスタンス化 'cv::Point ToPixel<Coor<double>,int,float>(const C &,int,int,T,S,S)' の参照を確認してください
                 with
                 [
                     C=Coor<double>
         ,            T=int
         ,            S=float
                 ]
     1>c:\users\robot\documents\visual studio 2013\projects\localization.ver2\include\mycv.h(185): warning C4244: '=' : 'float' から 'int' への変換です。データが失われる可能性があります。
     1>c:\users\robot\documents\visual studio 2013\projects\localization.ver2\include\myfun.h(501): warning C4018: '<' : signed と unsigned の数値を比較しようとしました。
                 c:\users\robot\documents\visual studio 2013\projects\localization.ver2\include\localizationpf.h(1636) : コンパイルされたクラスの テンプレート のインスタンス化 'std::vector<int,std::allocator<_Ty>> sortUpIdx<double>(std::vector<double,std::allocator<double>>)' の参照を確認してください
                 with
                 [
                     _Ty=int
                 ]
     1>c:\users\robot\documents\visual studio 2013\projects\localization.ver2\include\myfun.h(503): warning C4018: '<' : signed と unsigned の数値を比較しようとしました。
     1>c:\users\robot\documents\visual studio 2013\projects\localization.ver2\include\myfun.h(505): warning C4018: '<' : signed と unsigned の数値を比較しようとしました。
     1>c:\users\robot\documents\visual studio 2013\projects\localization.ver2\include\myfun.h(160): warning C4018: '<' : signed と unsigned の数値を比較しようとしました。
                 c:\users\robot\documents\visual studio 2013\projects\localization.ver2\include\localizationpf.h(2637) : コンパイルされたクラスの テンプレート のインスタンス化 'std::ostream &operator <<<bool>(std::ostream &,const std::vector<bool,std::allocator<_Ty>> &)' の参照を確認してください
                 with
                 [
                     _Ty=bool
                 ]
     1>c:\users\robot\documents\visual studio 2013\projects\localization.ver2\include\omnicamera.h(871): warning C4018: '<' : signed と unsigned の数値を比較しようとしました。
                 c:\users\robot\documents\visual studio 2013\projects\localization.ver2\localization\localization.cpp(210) : コンパイルされたクラスの テンプレート のインスタンス化 'void OmniCamera::calcSimilarityBetweenImages<double>(const Position<double> &,OMNI_FEATURE_TYPE)' の参照を確認してください
     1>c:\users\robot\documents\visual studio 2013\projects\localization.ver2\include\omnicamera.h(898): warning C4018: '<' : signed と unsigned の数値を比較しようとしました。
     1>c:\users\robot\documents\visual studio 2013\projects\localization.ver2\include\omnicamera.h(913): warning C4018: '<' : signed と unsigned の数値を比較しようとしました。
     1>c:\users\robot\documents\visual studio 2013\projects\localization.ver2\include\omnicamera.h(560): warning C4018: '<' : signed と unsigned の数値を比較しようとしました。
                 c:\users\robot\documents\visual studio 2013\projects\localization.ver2\localization\localization.cpp(211) : コンパイルされたクラスの テンプレート のインスタンス化 'void OmniCamera::setMeasBofSift<double>(Position<double>)' の参照を確認してください
     1>c:\users\robot\documents\visual studio 2013\projects\localization.ver2\include\omnicamera.h(1066): warning C4244: '引数' : 'double' から 'int' への変換です。データが失われる可能性があります。
                 c:\users\robot\documents\visual studio 2013\projects\localization.ver2\localization\localization.cpp(318) : コンパイルされたクラスの テンプレート のインスタンス化 'double OmniCamera::getLikelihoodBofSift<double>(const Position<double>)' の参照を確認してください
     1>c:\users\robot\documents\visual studio 2013\projects\localization.ver2\include\omnicamera.h(1314): warning C4244: '引数' : 'double' から 'int' への変換です。データが失われる可能性があります。
                 c:\users\robot\documents\visual studio 2013\projects\localization.ver2\localization\localization.cpp(322) : コンパイルされたクラスの テンプレート のインスタンス化 'double OmniCamera::getLikelihood<double>(const Position<double>,OMNI_FEATURE_TYPE)' の参照を確認してください
     1>c:\users\robot\documents\visual studio 2013\projects\localization.ver2\include\omnicamera.h(1317): warning C4018: '<' : signed と unsigned の数値を比較しようとしました。
     1>c:\users\robot\documents\visual studio 2013\projects\localization.ver2\include\omnicamera.h(1386): warning C4244: '引数' : 'double' から 'int' への変換です。データが失われる可能性があります。
     1>c:\users\robot\documents\visual studio 2013\projects\localization.ver2\include\omnicamera.h(1389): warning C4018: '<' : signed と unsigned の数値を比較しようとしました。
     1>c:\users\robot\documents\visual studio 2013\projects\localization.ver2\include\omnicamera.h(1456): warning C4715: 'OmniCamera::getLikelihood<double>' : 値を返さないコントロール パスがあります。
       Link:
         C:\Program Files (x86)\Microsoft Visual Studio 12.0\VC\bin\link.exe /ERRORREPORT:PROMPT /OUT:"C:\Users\Robot\Documents\Visual Studio 2013\Projects\Localization.ver2\Debug\Localization.exe" /INCREMENTAL /NOLOGO "C:\Users\Robot\Documents\Visual Studio 2013\Projects\Localization.ver2\packages\OpenCV.2.4.11\build\native\../../build/native/lib/Win32/v120/Debug/opencv_videostab2411d.lib" "C:\Users\Robot\Documents\Visual Studio 2013\Projects\Localization.ver2\packages\OpenCV.2.4.11\build\native\../../build/native/lib/Win32/v120/Debug/opencv_video2411d.lib" "C:\Users\Robot\Documents\Visual Studio 2013\Projects\Localization.ver2\packages\OpenCV.2.4.11\build\native\../../build/native/lib/Win32/v120/Debug/opencv_ts2411d.lib" "C:\Users\Robot\Documents\Visual Studio 2013\Projects\Localization.ver2\packages\OpenCV.2.4.11\build\native\../../build/native/lib/Win32/v120/Debug/opencv_superres2411d.lib" "C:\Users\Robot\Documents\Visual Studio 2013\Projects\Localization.ver2\packages\OpenCV.2.4.11\build\native\../../build/native/lib/Win32/v120/Debug/opencv_stitching2411d.lib" "C:\Users\Robot\Documents\Visual Studio 2013\Projects\Localization.ver2\packages\OpenCV.2.4.11\build\native\../../build/native/lib/Win32/v120/Debug/opencv_photo2411d.lib" "C:\Users\Robot\Documents\Visual Studio 2013\Projects\Localization.ver2\packages\OpenCV.2.4.11\build\native\../../build/native/lib/Win32/v120/Debug/opencv_ocl2411d.lib" "C:\Users\Robot\Documents\Visual Studio 2013\Projects\Localization.ver2\packages\OpenCV.2.4.11\build\native\../../build/native/lib/Win32/v120/Debug/opencv_objdetect2411d.lib" "C:\Users\Robot\Documents\Visual Studio 2013\Projects\Localization.ver2\packages\OpenCV.2.4.11\build\native\../../build/native/lib/Win32/v120/Debug/opencv_nonfree2411d.lib" "C:\Users\Robot\Documents\Visual Studio 2013\Projects\Localization.ver2\packages\OpenCV.2.4.11\build\native\../../build/native/lib/Win32/v120/Debug/opencv_ml2411d.lib" "C:\Users\Robot\Documents\Visual Studio 2013\Projects\Localization.ver2\packages\OpenCV.2.4.11\build\native\../../build/native/lib/Win32/v120/Debug/opencv_legacy2411d.lib" "C:\Users\Robot\Documents\Visual Studio 2013\Projects\Localization.ver2\packages\OpenCV.2.4.11\build\native\../../build/native/lib/Win32/v120/Debug/opencv_imgproc2411d.lib" "C:\Users\Robot\Documents\Visual Studio 2013\Projects\Localization.ver2\packages\OpenCV.2.4.11\build\native\../../build/native/lib/Win32/v120/Debug/opencv_highgui2411d.lib" "C:\Users\Robot\Documents\Visual Studio 2013\Projects\Localization.ver2\packages\OpenCV.2.4.11\build\native\../../build/native/lib/Win32/v120/Debug/opencv_gpu2411d.lib" "C:\Users\Robot\Documents\Visual Studio 2013\Projects\Localization.ver2\packages\OpenCV.2.4.11\build\native\../../build/native/lib/Win32/v120/Debug/opencv_flann2411d.lib" "C:\Users\Robot\Documents\Visual Studio 2013\Projects\Localization.ver2\packages\OpenCV.2.4.11\build\native\../../build/native/lib/Win32/v120/Debug/opencv_features2d2411d.lib" "C:\Users\Robot\Documents\Visual Studio 2013\Projects\Localization.ver2\packages\OpenCV.2.4.11\build\native\../../build/native/lib/Win32/v120/Debug/opencv_core2411d.lib" "C:\Users\Robot\Documents\Visual Studio 2013\Projects\Localization.ver2\packages\OpenCV.2.4.11\build\native\../../build/native/lib/Win32/v120/Debug/opencv_contrib2411d.lib" "C:\Users\Robot\Documents\Visual Studio 2013\Projects\Localization.ver2\packages\OpenCV.2.4.11\build\native\../../build/native/lib/Win32/v120/Debug/opencv_calib3d2411d.lib" kernel32.lib user32.lib gdi32.lib winspool.lib comdlg32.lib advapi32.lib shell32.lib ole32.lib oleaut32.lib uuid.lib odbc32.lib odbccp32.lib /MANIFEST /MANIFESTUAC:"level='asInvoker' uiAccess='false'" /manifest:embed /DEBUG /PDB:"C:\Users\Robot\Documents\Visual Studio 2013\Projects\Localization.ver2\Debug\Localization.pdb" /SUBSYSTEM:CONSOLE /TLBID:1 /DYNAMICBASE /NXCOMPAT /IMPLIB:"C:\Users\Robot\Documents\Visual Studio 2013\Projects\Localization.ver2\Debug\Localization.lib" /MACHINE:X86 Debug\Localization.obj
         Debug\stdafx.obj
         Localization.vcxproj -> C:\Users\Robot\Documents\Visual Studio 2013\Projects\Localization.ver2\Debug\Localization.exe
     1>プロジェクト "C:\Users\Robot\Documents\Visual Studio 2013\Projects\Localization.ver2\Localization\Localization.vcxproj" (Build ターゲット) のビルドが完了しました。

ビルドに成功しました。

経過時間 00:00:03.18
